error: 2021-06-19T16:05:11.915Z Unable to connect to the database:  sequelize is not defined {"stack":"ReferenceError: sequelize is not defined\n    at AuthenticateConnection (C:\\Users\\Danny\\Desktop\\Programacion\\ChallengeBackAlkemy\\db\\db.js:14:9)\n    at Object.<anonymous> (C:\\Users\\Danny\\Desktop\\Programacion\\ChallengeBackAlkemy\\db\\db.js:21:1)\n    at Module._compile (node:internal/modules/cjs/loader:1109:14)\n    at Object.Module._extensions..js (node:internal/modules/cjs/loader:1138:10)\n    at Module.load (node:internal/modules/cjs/loader:989:32)\n    at Function.Module._load (node:internal/modules/cjs/loader:829:14)\n    at Module.require (node:internal/modules/cjs/loader:1013:19)\n    at require (node:internal/modules/cjs/helpers:93:18)\n    at Object.<anonymous> (C:\\Users\\Danny\\Desktop\\Programacion\\ChallengeBackAlkemy\\api\\resources\\Posts\\Post.controller.js:2:18)\n    at Module._compile (node:internal/modules/cjs/loader:1109:14)"}
error: 2021-06-19T16:05:11.938Z uncaughtException: sequelize is not defined
ReferenceError: sequelize is not defined
    at Object.<anonymous> (C:\Users\Danny\Desktop\Programacion\ChallengeBackAlkemy\db\db.js:23:1)
    at Module._compile (node:internal/modules/cjs/loader:1109:14)
    at Object.Module._extensions..js (node:internal/modules/cjs/loader:1138:10)
    at Module.load (node:internal/modules/cjs/loader:989:32)
    at Function.Module._load (node:internal/modules/cjs/loader:829:14)
    at Module.require (node:internal/modules/cjs/loader:1013:19)
    at require (node:internal/modules/cjs/helpers:93:18)
    at Object.<anonymous> (C:\Users\Danny\Desktop\Programacion\ChallengeBackAlkemy\api\resources\Posts\Post.controller.js:2:18)
    at Module._compile (node:internal/modules/cjs/loader:1109:14)
    at Object.Module._extensions..js (node:internal/modules/cjs/loader:1138:10) {"error":{},"stack":"ReferenceError: sequelize is not defined\n    at Object.<anonymous> (C:\\Users\\Danny\\Desktop\\Programacion\\ChallengeBackAlkemy\\db\\db.js:23:1)\n    at Module._compile (node:internal/modules/cjs/loader:1109:14)\n    at Object.Module._extensions..js (node:internal/modules/cjs/loader:1138:10)\n    at Module.load (node:internal/modules/cjs/loader:989:32)\n    at Function.Module._load (node:internal/modules/cjs/loader:829:14)\n    at Module.require (node:internal/modules/cjs/loader:1013:19)\n    at require (node:internal/modules/cjs/helpers:93:18)\n    at Object.<anonymous> (C:\\Users\\Danny\\Desktop\\Programacion\\ChallengeBackAlkemy\\api\\resources\\Posts\\Post.controller.js:2:18)\n    at Module._compile (node:internal/modules/cjs/loader:1109:14)\n    at Object.Module._extensions..js (node:internal/modules/cjs/loader:1138:10)","exception":true,"date":"Sat Jun 19 2021 13:05:11 GMT-0300 (hora estándar de Argentina)","process":{"pid":10832,"uid":null,"gid":null,"cwd":"C:\\Users\\Danny\\Desktop\\Programacion\\ChallengeBackAlkemy","execPath":"C:\\Program Files\\nodejs\\node.exe","version":"v16.3.0","argv":["C:\\Program Files\\nodejs\\node.exe","C:\\Users\\Danny\\Desktop\\Programacion\\ChallengeBackAlkemy\\index.js","index.js"],"memoryUsage":{"rss":55042048,"heapTotal":34508800,"heapUsed":17638992,"external":1069257,"arrayBuffers":214360}},"os":{"loadavg":[0,0,0],"uptime":167297},"trace":[{"column":1,"file":"C:\\Users\\Danny\\Desktop\\Programacion\\ChallengeBackAlkemy\\db\\db.js","function":null,"line":23,"method":null,"native":false},{"column":14,"file":"node:internal/modules/cjs/loader","function":"Module._compile","line":1109,"method":"_compile","native":false},{"column":10,"file":"node:internal/modules/cjs/loader","function":"Module._extensions..js","line":1138,"method":".js","native":false},{"column":32,"file":"node:internal/modules/cjs/loader","function":"Module.load","line":989,"method":"load","native":false},{"column":14,"file":"node:internal/modules/cjs/loader","function":"Module._load","line":829,"method":"_load","native":false},{"column":19,"file":"node:internal/modules/cjs/loader","function":"Module.require","line":1013,"method":"require","native":false},{"column":18,"file":"node:internal/modules/cjs/helpers","function":"require","line":93,"method":null,"native":false},{"column":18,"file":"C:\\Users\\Danny\\Desktop\\Programacion\\ChallengeBackAlkemy\\api\\resources\\Posts\\Post.controller.js","function":null,"line":2,"method":null,"native":false},{"column":14,"file":"node:internal/modules/cjs/loader","function":"Module._compile","line":1109,"method":"_compile","native":false},{"column":10,"file":"node:internal/modules/cjs/loader","function":"Module._extensions..js","line":1138,"method":".js","native":false}]}
error: 2021-06-19T16:05:51.078Z uncaughtException: Joi.string(...).require is not a function
TypeError: Joi.string(...).require is not a function
    at Object.<anonymous> (C:\Users\Danny\Desktop\Programacion\ChallengeBackAlkemy\api\resources\Posts\Post.validation.js:7:28)
    at Module._compile (node:internal/modules/cjs/loader:1109:14)
    at Object.Module._extensions..js (node:internal/modules/cjs/loader:1138:10)
    at Module.load (node:internal/modules/cjs/loader:989:32)
    at Function.Module._load (node:internal/modules/cjs/loader:829:14)
    at Module.require (node:internal/modules/cjs/loader:1013:19)
    at require (node:internal/modules/cjs/helpers:93:18)
    at Object.<anonymous> (C:\Users\Danny\Desktop\Programacion\ChallengeBackAlkemy\api\resources\Posts\Post.routes.js:7:26)
    at Module._compile (node:internal/modules/cjs/loader:1109:14)
    at Object.Module._extensions..js (node:internal/modules/cjs/loader:1138:10) {"error":{},"stack":"TypeError: Joi.string(...).require is not a function\n    at Object.<anonymous> (C:\\Users\\Danny\\Desktop\\Programacion\\ChallengeBackAlkemy\\api\\resources\\Posts\\Post.validation.js:7:28)\n    at Module._compile (node:internal/modules/cjs/loader:1109:14)\n    at Object.Module._extensions..js (node:internal/modules/cjs/loader:1138:10)\n    at Module.load (node:internal/modules/cjs/loader:989:32)\n    at Function.Module._load (node:internal/modules/cjs/loader:829:14)\n    at Module.require (node:internal/modules/cjs/loader:1013:19)\n    at require (node:internal/modules/cjs/helpers:93:18)\n    at Object.<anonymous> (C:\\Users\\Danny\\Desktop\\Programacion\\ChallengeBackAlkemy\\api\\resources\\Posts\\Post.routes.js:7:26)\n    at Module._compile (node:internal/modules/cjs/loader:1109:14)\n    at Object.Module._extensions..js (node:internal/modules/cjs/loader:1138:10)","exception":true,"date":"Sat Jun 19 2021 13:05:51 GMT-0300 (hora estándar de Argentina)","process":{"pid":17452,"uid":null,"gid":null,"cwd":"C:\\Users\\Danny\\Desktop\\Programacion\\ChallengeBackAlkemy","execPath":"C:\\Program Files\\nodejs\\node.exe","version":"v16.3.0","argv":["C:\\Program Files\\nodejs\\node.exe","C:\\Users\\Danny\\Desktop\\Programacion\\ChallengeBackAlkemy\\index.js","index.js"],"memoryUsage":{"rss":63721472,"heapTotal":35819520,"heapUsed":20851680,"external":1265373,"arrayBuffers":410476}},"os":{"loadavg":[0,0,0],"uptime":167336},"trace":[{"column":28,"file":"C:\\Users\\Danny\\Desktop\\Programacion\\ChallengeBackAlkemy\\api\\resources\\Posts\\Post.validation.js","function":null,"line":7,"method":null,"native":false},{"column":14,"file":"node:internal/modules/cjs/loader","function":"Module._compile","line":1109,"method":"_compile","native":false},{"column":10,"file":"node:internal/modules/cjs/loader","function":"Module._extensions..js","line":1138,"method":".js","native":false},{"column":32,"file":"node:internal/modules/cjs/loader","function":"Module.load","line":989,"method":"load","native":false},{"column":14,"file":"node:internal/modules/cjs/loader","function":"Module._load","line":829,"method":"_load","native":false},{"column":19,"file":"node:internal/modules/cjs/loader","function":"Module.require","line":1013,"method":"require","native":false},{"column":18,"file":"node:internal/modules/cjs/helpers","function":"require","line":93,"method":null,"native":false},{"column":26,"file":"C:\\Users\\Danny\\Desktop\\Programacion\\ChallengeBackAlkemy\\api\\resources\\Posts\\Post.routes.js","function":null,"line":7,"method":null,"native":false},{"column":14,"file":"node:internal/modules/cjs/loader","function":"Module._compile","line":1109,"method":"_compile","native":false},{"column":10,"file":"node:internal/modules/cjs/loader","function":"Module._extensions..js","line":1138,"method":".js","native":false}]}
error: 2021-06-19T16:06:17.955Z uncaughtException: errorHandler is not a function
TypeError: errorHandler is not a function
    at Object.<anonymous> (C:\Users\Danny\Desktop\Programacion\ChallengeBackAlkemy\api\resources\Posts\Post.routes.js:9:17)
    at Module._compile (node:internal/modules/cjs/loader:1109:14)
    at Object.Module._extensions..js (node:internal/modules/cjs/loader:1138:10)
    at Module.load (node:internal/modules/cjs/loader:989:32)
    at Function.Module._load (node:internal/modules/cjs/loader:829:14)
    at Module.require (node:internal/modules/cjs/loader:1013:19)
    at require (node:internal/modules/cjs/helpers:93:18)
    at Object.<anonymous> (C:\Users\Danny\Desktop\Programacion\ChallengeBackAlkemy\index.js:4:20)
    at Module._compile (node:internal/modules/cjs/loader:1109:14)
    at Object.Module._extensions..js (node:internal/modules/cjs/loader:1138:10) {"error":{},"stack":"TypeError: errorHandler is not a function\n    at Object.<anonymous> (C:\\Users\\Danny\\Desktop\\Programacion\\ChallengeBackAlkemy\\api\\resources\\Posts\\Post.routes.js:9:17)\n    at Module._compile (node:internal/modules/cjs/loader:1109:14)\n    at Object.Module._extensions..js (node:internal/modules/cjs/loader:1138:10)\n    at Module.load (node:internal/modules/cjs/loader:989:32)\n    at Function.Module._load (node:internal/modules/cjs/loader:829:14)\n    at Module.require (node:internal/modules/cjs/loader:1013:19)\n    at require (node:internal/modules/cjs/helpers:93:18)\n    at Object.<anonymous> (C:\\Users\\Danny\\Desktop\\Programacion\\ChallengeBackAlkemy\\index.js:4:20)\n    at Module._compile (node:internal/modules/cjs/loader:1109:14)\n    at Object.Module._extensions..js (node:internal/modules/cjs/loader:1138:10)","exception":true,"date":"Sat Jun 19 2021 13:06:17 GMT-0300 (hora estándar de Argentina)","process":{"pid":1012,"uid":null,"gid":null,"cwd":"C:\\Users\\Danny\\Desktop\\Programacion\\ChallengeBackAlkemy","execPath":"C:\\Program Files\\nodejs\\node.exe","version":"v16.3.0","argv":["C:\\Program Files\\nodejs\\node.exe","C:\\Users\\Danny\\Desktop\\Programacion\\ChallengeBackAlkemy\\index.js","index.js"],"memoryUsage":{"rss":63651840,"heapTotal":35819520,"heapUsed":20836584,"external":1258414,"arrayBuffers":403517}},"os":{"loadavg":[0,0,0],"uptime":167363},"trace":[{"column":17,"file":"C:\\Users\\Danny\\Desktop\\Programacion\\ChallengeBackAlkemy\\api\\resources\\Posts\\Post.routes.js","function":null,"line":9,"method":null,"native":false},{"column":14,"file":"node:internal/modules/cjs/loader","function":"Module._compile","line":1109,"method":"_compile","native":false},{"column":10,"file":"node:internal/modules/cjs/loader","function":"Module._extensions..js","line":1138,"method":".js","native":false},{"column":32,"file":"node:internal/modules/cjs/loader","function":"Module.load","line":989,"method":"load","native":false},{"column":14,"file":"node:internal/modules/cjs/loader","function":"Module._load","line":829,"method":"_load","native":false},{"column":19,"file":"node:internal/modules/cjs/loader","function":"Module.require","line":1013,"method":"require","native":false},{"column":18,"file":"node:internal/modules/cjs/helpers","function":"require","line":93,"method":null,"native":false},{"column":20,"file":"C:\\Users\\Danny\\Desktop\\Programacion\\ChallengeBackAlkemy\\index.js","function":null,"line":4,"method":null,"native":false},{"column":14,"file":"node:internal/modules/cjs/loader","function":"Module._compile","line":1109,"method":"_compile","native":false},{"column":10,"file":"node:internal/modules/cjs/loader","function":"Module._extensions..js","line":1138,"method":".js","native":false}]}
info: 2021-06-19T16:06:53.711Z Server Listening on port 4000
info: 2021-06-19T16:06:56.251Z Connection has been established successfully.
info: 2021-06-19T16:06:56.507Z Synchronized tables
info: 2021-06-19T20:24:59.098Z Server Listening on port 4000
info: 2021-06-19T20:25:02.709Z Connection has been established successfully.
info: 2021-06-19T20:25:03.024Z Synchronized tables
info: 2021-06-19T20:32:02.036Z Server Listening on port 4000
info: 2021-06-19T20:32:04.622Z Connection has been established successfully.
info: 2021-06-19T20:32:04.896Z Synchronized tables
error: 2021-06-19T20:32:26.671Z Post [¿Por que usar Tailwind?] not passed the validation. Errors [[object Object]]
info: 2021-06-19T20:32:53.151Z Server Listening on port 4000
info: 2021-06-19T20:32:55.628Z Connection has been established successfully.
info: 2021-06-19T20:32:55.876Z Synchronized tables
info: 2021-06-19T20:32:57.983Z Post [¿Por que usar Tailwind?] passed the validation
info: 2021-06-19T20:32:58.494Z Post [undefined] was created
info: 2021-06-19T20:33:39.588Z Server Listening on port 4000
info: 2021-06-19T20:33:42.152Z Connection has been established successfully.
info: 2021-06-19T20:33:42.411Z Synchronized tables
info: 2021-06-19T20:34:52.063Z Post [React, ¿Con Funcionales o con Clases?] passed the validation
info: 2021-06-19T20:34:53.631Z Post [React, ¿Con Funcionales o con Clases?] was created
info: 2021-06-19T20:35:25.239Z Sending all the posts
error: 2021-06-19T20:35:54.536Z undefined {"name":"SequelizeDatabaseError","parent":{"code":"ER_BAD_FIELD_ERROR","errno":1054,"sqlState":"42S22","sqlMessage":"Unknown column 'NaN' in 'where clause'","sql":"SELECT `ID`, `title`, `content`, `imageURL`, `category`, `creation_date`, `createdAt`, `updatedAt` FROM `posts` AS `post` WHERE `post`.`ID` = NaN;"},"original":{"code":"ER_BAD_FIELD_ERROR","errno":1054,"sqlState":"42S22","sqlMessage":"Unknown column 'NaN' in 'where clause'","sql":"SELECT `ID`, `title`, `content`, `imageURL`, `category`, `creation_date`, `createdAt`, `updatedAt` FROM `posts` AS `post` WHERE `post`.`ID` = NaN;"},"sql":"SELECT `ID`, `title`, `content`, `imageURL`, `category`, `creation_date`, `createdAt`, `updatedAt` FROM `posts` AS `post` WHERE `post`.`ID` = NaN;"}
info: 2021-06-19T20:36:56.510Z Server Listening on port 4000
info: 2021-06-19T20:36:59.065Z Connection has been established successfully.
info: 2021-06-19T20:36:59.310Z Sending the post with id [1]
info: 2021-06-19T20:36:59.317Z Synchronized tables
error: 2021-06-19T20:38:15.521Z An error occurred while editing a post [Error: WHERE parameter "id" has invalid "undefined" value]
info: 2021-06-19T20:38:15.522Z The post [undefined] was edited
error: 2021-06-19T20:38:16.866Z uncaughtException: Unknown column 'NaN' in 'where clause'
SequelizeDatabaseError: Unknown column 'NaN' in 'where clause'
    at Query.formatError (C:\Users\Danny\Desktop\Programacion\ChallengeBackAlkemy\node_modules\sequelize\lib\dialects\mysql\query.js:265:16)
    at Query.run (C:\Users\Danny\Desktop\Programacion\ChallengeBackAlkemy\node_modules\sequelize\lib\dialects\mysql\query.js:77:18)
    at processTicksAndRejections (node:internal/process/task_queues:96:5)
    at async C:\Users\Danny\Desktop\Programacion\ChallengeBackAlkemy\node_modules\sequelize\lib\sequelize.js:619:16
    at async MySQLQueryInterface.select (C:\Users\Danny\Desktop\Programacion\ChallengeBackAlkemy\node_modules\sequelize\lib\dialects\abstract\query-interface.js:953:12)
    at async Function.findAll (C:\Users\Danny\Desktop\Programacion\ChallengeBackAlkemy\node_modules\sequelize\lib\model.js:1753:21)
    at async Function.findOne (C:\Users\Danny\Desktop\Programacion\ChallengeBackAlkemy\node_modules\sequelize\lib\model.js:1917:12)
    at async Function.findByPk (C:\Users\Danny\Desktop\Programacion\ChallengeBackAlkemy\node_modules\sequelize\lib\model.js:1883:12)
    at async Object.postExist (C:\Users\Danny\Desktop\Programacion\ChallengeBackAlkemy\api\resources\Posts\Post.controller.js:24:18) {"error":{"name":"SequelizeDatabaseError","parent":{"code":"ER_BAD_FIELD_ERROR","errno":1054,"sqlState":"42S22","sqlMessage":"Unknown column 'NaN' in 'where clause'","sql":"SELECT `ID`, `title`, `content`, `imageURL`, `category`, `creation_date`, `createdAt`, `updatedAt` FROM `posts` AS `post` WHERE `post`.`ID` = NaN;"},"original":{"code":"ER_BAD_FIELD_ERROR","errno":1054,"sqlState":"42S22","sqlMessage":"Unknown column 'NaN' in 'where clause'","sql":"SELECT `ID`, `title`, `content`, `imageURL`, `category`, `creation_date`, `createdAt`, `updatedAt` FROM `posts` AS `post` WHERE `post`.`ID` = NaN;"},"sql":"SELECT `ID`, `title`, `content`, `imageURL`, `category`, `creation_date`, `createdAt`, `updatedAt` FROM `posts` AS `post` WHERE `post`.`ID` = NaN;"},"stack":"SequelizeDatabaseError: Unknown column 'NaN' in 'where clause'\n    at Query.formatError (C:\\Users\\Danny\\Desktop\\Programacion\\ChallengeBackAlkemy\\node_modules\\sequelize\\lib\\dialects\\mysql\\query.js:265:16)\n    at Query.run (C:\\Users\\Danny\\Desktop\\Programacion\\ChallengeBackAlkemy\\node_modules\\sequelize\\lib\\dialects\\mysql\\query.js:77:18)\n    at processTicksAndRejections (node:internal/process/task_queues:96:5)\n    at async C:\\Users\\Danny\\Desktop\\Programacion\\ChallengeBackAlkemy\\node_modules\\sequelize\\lib\\sequelize.js:619:16\n    at async MySQLQueryInterface.select (C:\\Users\\Danny\\Desktop\\Programacion\\ChallengeBackAlkemy\\node_modules\\sequelize\\lib\\dialects\\abstract\\query-interface.js:953:12)\n    at async Function.findAll (C:\\Users\\Danny\\Desktop\\Programacion\\ChallengeBackAlkemy\\node_modules\\sequelize\\lib\\model.js:1753:21)\n    at async Function.findOne (C:\\Users\\Danny\\Desktop\\Programacion\\ChallengeBackAlkemy\\node_modules\\sequelize\\lib\\model.js:1917:12)\n    at async Function.findByPk (C:\\Users\\Danny\\Desktop\\Programacion\\ChallengeBackAlkemy\\node_modules\\sequelize\\lib\\model.js:1883:12)\n    at async Object.postExist (C:\\Users\\Danny\\Desktop\\Programacion\\ChallengeBackAlkemy\\api\\resources\\Posts\\Post.controller.js:24:18)","exception":true,"date":"Sat Jun 19 2021 17:38:16 GMT-0300 (hora estándar de Argentina)","process":{"pid":19044,"uid":null,"gid":null,"cwd":"C:\\Users\\Danny\\Desktop\\Programacion\\ChallengeBackAlkemy","execPath":"C:\\Program Files\\nodejs\\node.exe","version":"v16.3.0","argv":["C:\\Program Files\\nodejs\\node.exe","C:\\Users\\Danny\\Desktop\\Programacion\\ChallengeBackAlkemy\\index.js","index.js"],"memoryUsage":{"rss":50941952,"heapTotal":19566592,"heapUsed":18008000,"external":1024149,"arrayBuffers":137415}},"os":{"loadavg":[0,0,0],"uptime":183682},"trace":[{"column":16,"file":"C:\\Users\\Danny\\Desktop\\Programacion\\ChallengeBackAlkemy\\node_modules\\sequelize\\lib\\dialects\\mysql\\query.js","function":"Query.formatError","line":265,"method":"formatError","native":false},{"column":18,"file":"C:\\Users\\Danny\\Desktop\\Programacion\\ChallengeBackAlkemy\\node_modules\\sequelize\\lib\\dialects\\mysql\\query.js","function":"Query.run","line":77,"method":"run","native":false},{"column":5,"file":"node:internal/process/task_queues","function":"processTicksAndRejections","line":96,"method":null,"native":false},{"column":16,"file":"async C:\\Users\\Danny\\Desktop\\Programacion\\ChallengeBackAlkemy\\node_modules\\sequelize\\lib\\sequelize.js","function":null,"line":619,"method":null,"native":false},{"column":12,"file":"C:\\Users\\Danny\\Desktop\\Programacion\\ChallengeBackAlkemy\\node_modules\\sequelize\\lib\\dialects\\abstract\\query-interface.js","function":"async MySQLQueryInterface.select","line":953,"method":"select","native":false},{"column":21,"file":"C:\\Users\\Danny\\Desktop\\Programacion\\ChallengeBackAlkemy\\node_modules\\sequelize\\lib\\model.js","function":"async Function.findAll","line":1753,"method":"findAll","native":false},{"column":12,"file":"C:\\Users\\Danny\\Desktop\\Programacion\\ChallengeBackAlkemy\\node_modules\\sequelize\\lib\\model.js","function":"async Function.findOne","line":1917,"method":"findOne","native":false},{"column":12,"file":"C:\\Users\\Danny\\Desktop\\Programacion\\ChallengeBackAlkemy\\node_modules\\sequelize\\lib\\model.js","function":"async Function.findByPk","line":1883,"method":"findByPk","native":false},{"column":18,"file":"C:\\Users\\Danny\\Desktop\\Programacion\\ChallengeBackAlkemy\\api\\resources\\Posts\\Post.controller.js","function":"async Object.postExist","line":24,"method":"postExist","native":false}]}
info: 2021-06-19T20:40:02.850Z Server Listening on port 4000
info: 2021-06-19T20:40:05.426Z Connection has been established successfully.
info: 2021-06-19T20:40:05.685Z Synchronized tables
info: 2021-06-19T20:40:08.425Z Sending all the posts
info: 2021-06-19T20:40:55.690Z Server Listening on port 4000
info: 2021-06-19T20:40:58.817Z Connection has been established successfully.
info: 2021-06-19T20:40:59.111Z Synchronized tables
info: 2021-06-19T20:41:01.084Z The post [1] was edited
info: 2021-06-19T20:41:09.276Z Sending all the posts
info: 2021-06-19T20:41:44.622Z Server Listening on port 4000
info: 2021-06-19T20:41:47.174Z Connection has been established successfully.
info: 2021-06-19T20:41:47.463Z Synchronized tables
info: 2021-06-19T20:43:17.530Z Post [Para los programadores ¿Te o cafe?] passed the validation
info: 2021-06-19T20:43:19.148Z Post [Para los programadores ¿Te o cafe?] was created
info: 2021-06-19T20:44:43.077Z The post [undefined] was deleted
error: 2021-06-19T20:44:44.413Z uncaughtException: Unknown column 'NaN' in 'where clause'
SequelizeDatabaseError: Unknown column 'NaN' in 'where clause'
    at Query.formatError (C:\Users\Danny\Desktop\Programacion\ChallengeBackAlkemy\node_modules\sequelize\lib\dialects\mysql\query.js:265:16)
    at Query.run (C:\Users\Danny\Desktop\Programacion\ChallengeBackAlkemy\node_modules\sequelize\lib\dialects\mysql\query.js:77:18)
    at processTicksAndRejections (node:internal/process/task_queues:96:5)
    at async C:\Users\Danny\Desktop\Programacion\ChallengeBackAlkemy\node_modules\sequelize\lib\sequelize.js:619:16
    at async MySQLQueryInterface.select (C:\Users\Danny\Desktop\Programacion\ChallengeBackAlkemy\node_modules\sequelize\lib\dialects\abstract\query-interface.js:953:12)
    at async Function.findAll (C:\Users\Danny\Desktop\Programacion\ChallengeBackAlkemy\node_modules\sequelize\lib\model.js:1753:21)
    at async Function.findOne (C:\Users\Danny\Desktop\Programacion\ChallengeBackAlkemy\node_modules\sequelize\lib\model.js:1917:12)
    at async Function.findByPk (C:\Users\Danny\Desktop\Programacion\ChallengeBackAlkemy\node_modules\sequelize\lib\model.js:1883:12)
    at async Object.postExist (C:\Users\Danny\Desktop\Programacion\ChallengeBackAlkemy\api\resources\Posts\Post.controller.js:24:18) {"error":{"name":"SequelizeDatabaseError","parent":{"code":"ER_BAD_FIELD_ERROR","errno":1054,"sqlState":"42S22","sqlMessage":"Unknown column 'NaN' in 'where clause'","sql":"SELECT `ID`, `title`, `content`, `imageURL`, `category`, `creation_date`, `createdAt`, `updatedAt` FROM `posts` AS `post` WHERE `post`.`ID` = NaN;"},"original":{"code":"ER_BAD_FIELD_ERROR","errno":1054,"sqlState":"42S22","sqlMessage":"Unknown column 'NaN' in 'where clause'","sql":"SELECT `ID`, `title`, `content`, `imageURL`, `category`, `creation_date`, `createdAt`, `updatedAt` FROM `posts` AS `post` WHERE `post`.`ID` = NaN;"},"sql":"SELECT `ID`, `title`, `content`, `imageURL`, `category`, `creation_date`, `createdAt`, `updatedAt` FROM `posts` AS `post` WHERE `post`.`ID` = NaN;"},"stack":"SequelizeDatabaseError: Unknown column 'NaN' in 'where clause'\n    at Query.formatError (C:\\Users\\Danny\\Desktop\\Programacion\\ChallengeBackAlkemy\\node_modules\\sequelize\\lib\\dialects\\mysql\\query.js:265:16)\n    at Query.run (C:\\Users\\Danny\\Desktop\\Programacion\\ChallengeBackAlkemy\\node_modules\\sequelize\\lib\\dialects\\mysql\\query.js:77:18)\n    at processTicksAndRejections (node:internal/process/task_queues:96:5)\n    at async C:\\Users\\Danny\\Desktop\\Programacion\\ChallengeBackAlkemy\\node_modules\\sequelize\\lib\\sequelize.js:619:16\n    at async MySQLQueryInterface.select (C:\\Users\\Danny\\Desktop\\Programacion\\ChallengeBackAlkemy\\node_modules\\sequelize\\lib\\dialects\\abstract\\query-interface.js:953:12)\n    at async Function.findAll (C:\\Users\\Danny\\Desktop\\Programacion\\ChallengeBackAlkemy\\node_modules\\sequelize\\lib\\model.js:1753:21)\n    at async Function.findOne (C:\\Users\\Danny\\Desktop\\Programacion\\ChallengeBackAlkemy\\node_modules\\sequelize\\lib\\model.js:1917:12)\n    at async Function.findByPk (C:\\Users\\Danny\\Desktop\\Programacion\\ChallengeBackAlkemy\\node_modules\\sequelize\\lib\\model.js:1883:12)\n    at async Object.postExist (C:\\Users\\Danny\\Desktop\\Programacion\\ChallengeBackAlkemy\\api\\resources\\Posts\\Post.controller.js:24:18)","exception":true,"date":"Sat Jun 19 2021 17:44:44 GMT-0300 (hora estándar de Argentina)","process":{"pid":18704,"uid":null,"gid":null,"cwd":"C:\\Users\\Danny\\Desktop\\Programacion\\ChallengeBackAlkemy","execPath":"C:\\Program Files\\nodejs\\node.exe","version":"v16.3.0","argv":["C:\\Program Files\\nodejs\\node.exe","C:\\Users\\Danny\\Desktop\\Programacion\\ChallengeBackAlkemy\\index.js","index.js"],"memoryUsage":{"rss":50163712,"heapTotal":19304448,"heapUsed":17531664,"external":937132,"arrayBuffers":50398}},"os":{"loadavg":[0,0,0],"uptime":184070},"trace":[{"column":16,"file":"C:\\Users\\Danny\\Desktop\\Programacion\\ChallengeBackAlkemy\\node_modules\\sequelize\\lib\\dialects\\mysql\\query.js","function":"Query.formatError","line":265,"method":"formatError","native":false},{"column":18,"file":"C:\\Users\\Danny\\Desktop\\Programacion\\ChallengeBackAlkemy\\node_modules\\sequelize\\lib\\dialects\\mysql\\query.js","function":"Query.run","line":77,"method":"run","native":false},{"column":5,"file":"node:internal/process/task_queues","function":"processTicksAndRejections","line":96,"method":null,"native":false},{"column":16,"file":"async C:\\Users\\Danny\\Desktop\\Programacion\\ChallengeBackAlkemy\\node_modules\\sequelize\\lib\\sequelize.js","function":null,"line":619,"method":null,"native":false},{"column":12,"file":"C:\\Users\\Danny\\Desktop\\Programacion\\ChallengeBackAlkemy\\node_modules\\sequelize\\lib\\dialects\\abstract\\query-interface.js","function":"async MySQLQueryInterface.select","line":953,"method":"select","native":false},{"column":21,"file":"C:\\Users\\Danny\\Desktop\\Programacion\\ChallengeBackAlkemy\\node_modules\\sequelize\\lib\\model.js","function":"async Function.findAll","line":1753,"method":"findAll","native":false},{"column":12,"file":"C:\\Users\\Danny\\Desktop\\Programacion\\ChallengeBackAlkemy\\node_modules\\sequelize\\lib\\model.js","function":"async Function.findOne","line":1917,"method":"findOne","native":false},{"column":12,"file":"C:\\Users\\Danny\\Desktop\\Programacion\\ChallengeBackAlkemy\\node_modules\\sequelize\\lib\\model.js","function":"async Function.findByPk","line":1883,"method":"findByPk","native":false},{"column":18,"file":"C:\\Users\\Danny\\Desktop\\Programacion\\ChallengeBackAlkemy\\api\\resources\\Posts\\Post.controller.js","function":"async Object.postExist","line":24,"method":"postExist","native":false}]}
info: 2021-06-19T20:45:03.951Z Server Listening on port 4000
info: 2021-06-19T20:45:06.422Z Connection has been established successfully.
info: 2021-06-19T20:45:06.666Z Sending all the posts
info: 2021-06-19T20:45:06.728Z Synchronized tables
info: 2021-06-19T20:45:09.954Z The post [3] was deleted
info: 2021-06-19T20:45:22.203Z Sending all the posts
info: 2021-06-19T20:45:28.836Z Sending all the posts
info: 2021-06-19T20:45:48.831Z Server Listening on port 4000
info: 2021-06-19T20:45:51.398Z Connection has been established successfully.
info: 2021-06-19T20:45:51.674Z Synchronized tables
info: 2021-06-19T20:45:53.634Z The post [3] was deleted
info: 2021-06-19T20:45:57.513Z Sending all the posts
info: 2021-06-19T20:54:55.363Z Server Listening on port 4000
info: 2021-06-19T20:54:57.905Z Connection has been established successfully.
info: 2021-06-19T20:54:58.189Z Synchronized tables
